<?xml version="1.0" encoding="UTF-8"?>
<!-- Generated by org.testng.reporters.JUnitReportReporter -->
<testsuite skipped="0" hostname="DESKTOP-ONN44VL" name="ValidateLoginPage" tests="2" failures="0" timestamp="30 Dec 2017 00:16:04 GMT" time="15.144" errors="0">
  <testcase name="loginValidationwithInvalidParameters" time="9.056" classname="ValidateLoginPage"/>
  <testcase name="loginValidationwithValidParameters" time="6.088" classname="ValidateLoginPage"/>
</testsuite> <!-- ValidateLoginPage -->
