<?xml version="1.0" encoding="UTF-8"?>
<!-- Generated by org.testng.reporters.JUnitReportReporter -->
<testsuite skipped="0" hostname="DESKTOP-ONN44VL" name="testScripts.ValidateLoginPage" tests="2" failures="0" timestamp="22 Jan 2018 07:01:22 GMT" time="18.010" errors="0">
  <testcase name="TC01_ValidLoginCredentials" time="8.220" classname="testScripts.ValidateLoginPage"/>
  <testcase name="TC02_InValidLoginCredentials" time="9.790" classname="testScripts.ValidateLoginPage"/>
</testsuite> <!-- testScripts.ValidateLoginPage -->
