<?xml version="1.0" encoding="UTF-8"?>
<!-- Generated by org.testng.reporters.JUnitReportReporter -->
<testsuite skipped="0" hostname="DESKTOP-ONN44VL" name="Testcase01" tests="1" failures="0" timestamp="27 Dec 2017 23:28:06 GMT" time="11.028" errors="0">
  <testcase name="loginValidation" time="11.028" classname="Testcase01"/>
</testsuite> <!-- Testcase01 -->
