<?xml version="1.0" encoding="UTF-8"?>
<!-- Generated by org.testng.reporters.JUnitReportReporter -->
<testsuite skipped="0" hostname="DESKTOP-ONN44VL" name="ValidateLoginPage" tests="2" failures="0" timestamp="13 Jan 2018 02:59:46 GMT" time="15.634" errors="0">
  <testcase name="TC02_InValidLoginCredentials" time="8.256" classname="ValidateLoginPage"/>
  <testcase name="TC01_ValidLoginCredentials" time="7.378" classname="ValidateLoginPage"/>
</testsuite> <!-- ValidateLoginPage -->
