<?xml version="1.0" encoding="UTF-8"?>
<!-- Generated by org.testng.reporters.JUnitReportReporter -->
<testsuite skipped="0" hostname="DESKTOP-ONN44VL" name="testScripts.ValidateLoginPage" tests="2" failures="0" timestamp="01 Feb 2018 17:04:26 GMT" time="29.728" errors="0">
  <testcase name="TC02_InValidLoginCredentials" time="16.655" classname="testScripts.ValidateLoginPage"/>
  <testcase name="TC01_ValidLoginCredentials" time="13.073" classname="testScripts.ValidateLoginPage"/>
</testsuite> <!-- testScripts.ValidateLoginPage -->
