<?xml version="1.0" encoding="UTF-8"?>
<!-- Generated by org.testng.reporters.JUnitReportReporter -->
<testsuite skipped="0" hostname="DESKTOP-ONN44VL" name="ValidateLoginPage" tests="2" failures="0" timestamp="07 Jan 2018 01:31:36 GMT" time="15.163" errors="0">
  <testcase name="TC01_ValidLoginCredentials" time="6.757" classname="ValidateLoginPage"/>
  <testcase name="TC02_InValidLoginCredentials" time="8.406" classname="ValidateLoginPage"/>
</testsuite> <!-- ValidateLoginPage -->
