<?xml version="1.0" encoding="UTF-8"?>
<!-- Generated by org.testng.reporters.JUnitReportReporter -->
<testsuite skipped="0" hostname="DESKTOP-ONN44VL" name="ValidateLoginPage" tests="2" failures="0" timestamp="22 Jan 2018 06:47:00 GMT" time="22.053" errors="0">
  <testcase name="TC01_ValidLoginCredentials" time="12.359" classname="ValidateLoginPage"/>
  <testcase name="TC02_InValidLoginCredentials" time="9.694" classname="ValidateLoginPage"/>
</testsuite> <!-- ValidateLoginPage -->
