<?xml version="1.0" encoding="UTF-8"?>
<!-- Generated by org.testng.reporters.JUnitReportReporter -->
<testsuite skipped="0" hostname="DESKTOP-ONN44VL" name="CreateNewCustomer" tests="1" failures="0" timestamp="30 Dec 2017 07:49:26 GMT" time="9.180" errors="0">
  <testcase name="TC_01" time="9.180" classname="CreateNewCustomer"/>
</testsuite> <!-- CreateNewCustomer -->
