<?xml version="1.0" encoding="UTF-8"?>
<!-- Generated by org.testng.reporters.JUnitReportReporter -->
<testsuite skipped="0" hostname="DESKTOP-ONN44VL" name="CreateNewCustomerNegative" tests="1" failures="0" timestamp="12 Jan 2018 07:21:10 GMT" time="13.450" errors="0">
  <testcase name="TC_02" time="13.450" classname="CreateNewCustomerNegative"/>
</testsuite> <!-- CreateNewCustomerNegative -->
