<?xml version="1.0" encoding="UTF-8"?>
<!-- Generated by org.testng.reporters.JUnitReportReporter -->
<testsuite skipped="0" hostname="DESKTOP-ONN44VL" name="testScripts.ValidateLoginPage" tests="2" failures="0" timestamp="22 Jan 2018 09:05:54 GMT" time="21.940" errors="0">
  <testcase name="TC02_InValidLoginCredentials" time="13.700" classname="testScripts.ValidateLoginPage"/>
  <testcase name="TC01_ValidLoginCredentials" time="8.240" classname="testScripts.ValidateLoginPage"/>
</testsuite> <!-- testScripts.ValidateLoginPage -->
