<?xml version="1.0" encoding="UTF-8"?>
<!-- Generated by org.testng.reporters.JUnitReportReporter -->
<testsuite skipped="0" hostname="DESKTOP-ONN44VL" name="EditCustomer" tests="1" failures="0" timestamp="13 Jan 2018 21:02:05 GMT" time="9.602" errors="0">
  <testcase name="TC_01" time="9.602" classname="EditCustomer"/>
</testsuite> <!-- EditCustomer -->
