<?xml version="1.0" encoding="UTF-8"?>
<!-- Generated by org.testng.reporters.JUnitReportReporter -->
<testsuite skipped="0" hostname="DESKTOP-ONN44VL" name="CreateNewCustomer" tests="2" failures="0" timestamp="02 Jan 2018 08:10:48 GMT" time="17.413" errors="0">
  <testcase name="TC_01" time="9.185" classname="CreateNewCustomer"/>
  <testcase name="TC_02" time="8.228" classname="CreateNewCustomer"/>
</testsuite> <!-- CreateNewCustomer -->
