<?xml version="1.0" encoding="UTF-8"?>
<!-- Generated by org.testng.reporters.JUnitReportReporter -->
<testsuite skipped="0" hostname="DESKTOP-ONN44VL" name="testScripts.CreateNewCustomer" tests="2" failures="0" timestamp="22 Jan 2018 09:05:54 GMT" time="24.519" errors="0">
  <testcase name="TC_01_Positive" time="12.648" classname="testScripts.CreateNewCustomer"/>
  <testcase name="TC_02_Negative" time="11.871" classname="testScripts.CreateNewCustomer"/>
</testsuite> <!-- testScripts.CreateNewCustomer -->
