<?xml version="1.0" encoding="UTF-8"?>
<!-- Generated by org.testng.reporters.JUnitReportReporter -->
<testsuite skipped="0" hostname="DESKTOP-ONN44VL" name="testScripts.EditCustomer" tests="1" failures="0" timestamp="22 Jan 2018 09:05:54 GMT" time="19.337" errors="0">
  <testcase name="TC_01" time="19.337" classname="testScripts.EditCustomer"/>
</testsuite> <!-- testScripts.EditCustomer -->
