<?xml version="1.0" encoding="UTF-8"?>
<!-- Generated by org.testng.reporters.JUnitReportReporter -->
<testsuite skipped="0" hostname="DESKTOP-ONN44VL" name="testScripts.CreateNewCustomer" tests="2" failures="0" timestamp="01 Feb 2018 17:04:26 GMT" time="37.711" errors="0">
  <testcase name="TC_01_Positive" time="17.054" classname="testScripts.CreateNewCustomer"/>
  <testcase name="TC_02_Negative" time="20.657" classname="testScripts.CreateNewCustomer"/>
</testsuite> <!-- testScripts.CreateNewCustomer -->
