<?xml version="1.0" encoding="UTF-8"?>
<!-- Generated by org.testng.reporters.JUnitReportReporter -->
<testsuite skipped="0" hostname="DESKTOP-ONN44VL" name="CreateNewCustomer" tests="2" failures="0" timestamp="13 Jan 2018 02:59:46 GMT" time="17.651" errors="0">
  <testcase name="TC_01_Positive" time="8.878" classname="CreateNewCustomer"/>
  <testcase name="TC_02_Negative" time="8.773" classname="CreateNewCustomer"/>
</testsuite> <!-- CreateNewCustomer -->
