<?xml version="1.0" encoding="UTF-8"?>
<!-- Generated by org.testng.reporters.JUnitReportReporter -->
<testsuite skipped="0" hostname="DESKTOP-ONN44VL" name="testScripts.EditCustomer" tests="1" failures="0" timestamp="01 Feb 2018 20:58:40 GMT" time="13.345" errors="0">
  <testcase name="TC_01" time="13.345" classname="testScripts.EditCustomer"/>
</testsuite> <!-- testScripts.EditCustomer -->
